<?xml version="1.0" encoding="UTF-8"?>
<testsuites>
  <testsuite name="MapTest" filepath="/home/k/proj/mapknitter/test/unit/map_test.rb" skipped="0" failures="0" errors="0" tests="3" assertions="30" time="0.03067347500473261">
    <testcase name="test_basics" lineno="5" classname="MapTest" assertions="24" time="0.012606176009285264">
    </testcase>
    <testcase name="test_tag_basics" lineno="99" classname="MapTest" assertions="3" time="0.013976358997751959">
    </testcase>
    <testcase name="test_histograms" lineno="83" classname="MapTest" assertions="3" time="0.004090939997695386">
    </testcase>
  </testsuite>
</testsuites>
