<?xml version="1.0" encoding="UTF-8"?>
<testsuites>
  <testsuite name="UserTest" filepath="/home/k/proj/mapknitter/test/unit/user_test.rb" skipped="0" failures="0" errors="0" tests="5" assertions="15" time="0.05865451000863686">
    <testcase name="test_should_require_login" lineno="15" classname="UserTest" assertions="4" time="0.016862381002283655">
    </testcase>
    <testcase name="test_user_simple_query_methods" lineno="33" classname="UserTest" assertions="4" time="0.006921756998053752">
    </testcase>
    <testcase name="test_should_require_email" lineno="24" classname="UserTest" assertions="4" time="0.016311457002302632">
    </testcase>
    <testcase name="test_should_create_user" lineno="8" classname="UserTest" assertions="2" time="0.011182418995304033">
    </testcase>
    <testcase name="test_should_not_create_user" lineno="3" classname="UserTest" assertions="1" time="0.00737649601069279">
    </testcase>
  </testsuite>
</testsuites>
